Performing C SOURCE FILE Test CMAKE_HAVE_LIBC_PTHREAD failed with the following output:
Change Dir: /mnt/d/Programming/C++/BazyDanych1/Prison database/linux/CMakeFiles/CMakeTmp

Run Build Command(s):/usr/bin/make cmTC_53bc8/fast && /usr/bin/make -f CMakeFiles/cmTC_53bc8.dir/build.make CMakeFiles/cmTC_53bc8.dir/build
make[1]: Entering directory '/mnt/d/Programming/C++/BazyDanych1/Prison database/linux/CMakeFiles/CMakeTmp'
Building C object CMakeFiles/cmTC_53bc8.dir/src.c.o
/usr/bin/cc   -DCMAKE_HAVE_LIBC_PTHREAD   -std=c++17 -o CMakeFiles/cmTC_53bc8.dir/src.c.o   -c "/mnt/d/Programming/C++/BazyDanych1/Prison database/linux/CMakeFiles/CMakeTmp/src.c"
cc1: warning: command-line option ‘-std=c++17’ is valid for C++/ObjC++ but not for C
Linking C executable cmTC_53bc8
/usr/bin/cmake -E cmake_link_script CMakeFiles/cmTC_53bc8.dir/link.txt --verbose=1
/usr/bin/cc  -DCMAKE_HAVE_LIBC_PTHREAD    CMakeFiles/cmTC_53bc8.dir/src.c.o  -o cmTC_53bc8  -lpq 
/usr/bin/ld: cannot find -lpq
collect2: error: ld returned 1 exit status
make[1]: *** [CMakeFiles/cmTC_53bc8.dir/build.make:87: cmTC_53bc8] Error 1
make[1]: Leaving directory '/mnt/d/Programming/C++/BazyDanych1/Prison database/linux/CMakeFiles/CMakeTmp'
make: *** [Makefile:121: cmTC_53bc8/fast] Error 2


Source file was:
#include <pthread.h>

void* test_func(void* data)
{
  return data;
}

int main(void)
{
  pthread_t thread;
  pthread_create(&thread, NULL, test_func, NULL);
  pthread_detach(thread);
  pthread_join(thread, NULL);
  pthread_atfork(NULL, NULL, NULL);
  pthread_exit(NULL);

  return 0;
}

Determining if the function pthread_create exists in the pthreads failed with the following output:
Change Dir: /mnt/d/Programming/C++/BazyDanych1/Prison database/linux/CMakeFiles/CMakeTmp

Run Build Command(s):/usr/bin/make cmTC_e1fb2/fast && /usr/bin/make -f CMakeFiles/cmTC_e1fb2.dir/build.make CMakeFiles/cmTC_e1fb2.dir/build
make[1]: Entering directory '/mnt/d/Programming/C++/BazyDanych1/Prison database/linux/CMakeFiles/CMakeTmp'
Building C object CMakeFiles/cmTC_e1fb2.dir/CheckFunctionExists.c.o
/usr/bin/cc   -DCHECK_FUNCTION_EXISTS=pthread_create   -std=c++17 -o CMakeFiles/cmTC_e1fb2.dir/CheckFunctionExists.c.o   -c /usr/share/cmake-3.16/Modules/CheckFunctionExists.c
cc1: warning: command-line option ‘-std=c++17’ is valid for C++/ObjC++ but not for C
Linking C executable cmTC_e1fb2
/usr/bin/cmake -E cmake_link_script CMakeFiles/cmTC_e1fb2.dir/link.txt --verbose=1
/usr/bin/cc  -DCHECK_FUNCTION_EXISTS=pthread_create    CMakeFiles/cmTC_e1fb2.dir/CheckFunctionExists.c.o  -o cmTC_e1fb2  -lpthreads -lpq 
/usr/bin/ld: cannot find -lpthreads
/usr/bin/ld: cannot find -lpq
collect2: error: ld returned 1 exit status
make[1]: *** [CMakeFiles/cmTC_e1fb2.dir/build.make:87: cmTC_e1fb2] Error 1
make[1]: Leaving directory '/mnt/d/Programming/C++/BazyDanych1/Prison database/linux/CMakeFiles/CMakeTmp'
make: *** [Makefile:121: cmTC_e1fb2/fast] Error 2



Determining if the function pthread_create exists in the pthread failed with the following output:
Change Dir: /mnt/d/Programming/C++/BazyDanych1/Prison database/linux/CMakeFiles/CMakeTmp

Run Build Command(s):/usr/bin/make cmTC_625de/fast && /usr/bin/make -f CMakeFiles/cmTC_625de.dir/build.make CMakeFiles/cmTC_625de.dir/build
make[1]: Entering directory '/mnt/d/Programming/C++/BazyDanych1/Prison database/linux/CMakeFiles/CMakeTmp'
Building C object CMakeFiles/cmTC_625de.dir/CheckFunctionExists.c.o
/usr/bin/cc   -DCHECK_FUNCTION_EXISTS=pthread_create   -std=c++17 -o CMakeFiles/cmTC_625de.dir/CheckFunctionExists.c.o   -c /usr/share/cmake-3.16/Modules/CheckFunctionExists.c
cc1: warning: command-line option ‘-std=c++17’ is valid for C++/ObjC++ but not for C
Linking C executable cmTC_625de
/usr/bin/cmake -E cmake_link_script CMakeFiles/cmTC_625de.dir/link.txt --verbose=1
/usr/bin/cc  -DCHECK_FUNCTION_EXISTS=pthread_create    CMakeFiles/cmTC_625de.dir/CheckFunctionExists.c.o  -o cmTC_625de  -lpthread -lpq 
/usr/bin/ld: cannot find -lpq
collect2: error: ld returned 1 exit status
make[1]: *** [CMakeFiles/cmTC_625de.dir/build.make:87: cmTC_625de] Error 1
make[1]: Leaving directory '/mnt/d/Programming/C++/BazyDanych1/Prison database/linux/CMakeFiles/CMakeTmp'
make: *** [Makefile:121: cmTC_625de/fast] Error 2



